<?xml version="1.0" encoding="UTF-8"?>
<!-- Generated by org.testng.reporters.JUnitReportReporter -->
<testsuite hostname="LAPTOP-N34GTUSU" failures="0" tests="1" name="com.vTiger.testScripts.Test2" time="0.001" errors="0" timestamp="03 Jun 2020 18:17:23 GMT" skipped="0">
  <testcase classname="com.vTiger.testScripts.Test2" name="test2" time="0.001"/>
</testsuite> <!-- com.vTiger.testScripts.Test2 -->
