<?xml version="1.0" encoding="UTF-8"?>
<!-- Generated by org.testng.reporters.JUnitReportReporter -->
<testsuite hostname="LAPTOP-N34GTUSU" failures="0" tests="2" name="com.vTiger.testScripts.CreateProductsTest" time="67.078" errors="0" timestamp="04 Jun 2020 13:56:09 GMT" skipped="0">
  <testcase classname="com.vTiger.testScripts.CreateProductsTest" name="createProductTest" time="40.181"/>
  <testcase classname="com.vTiger.testScripts.CreateProductsTest" name="createProductTest" time="26.897"/>
</testsuite> <!-- com.vTiger.testScripts.CreateProductsTest -->
