<?xml version="1.0" encoding="UTF-8"?>
<!-- Generated by org.testng.reporters.JUnitReportReporter -->
<testsuite hostname="LAPTOP-N34GTUSU" failures="0" tests="1" name="com.vTiger.testScripts.TS_1" time="10.014" errors="0" timestamp="01 Jun 2020 14:43:18 GMT" skipped="0">
  <testcase classname="com.vTiger.testScripts.TS_1" name="testScript1" time="10.014"/>
</testsuite> <!-- com.vTiger.testScripts.TS_1 -->
